<?xml version="1.0" encoding="UTF-8"?>
<testsuite xmlns:xsi="http://www.w3.org/2001/XMLSchema-instance" xsi:noNamespaceSchemaLocation="https://maven.apache.org/surefire/maven-surefire-plugin/xsd/surefire-test-report.xsd" name="TestSuite" time="92.208" tests="1" errors="0" skipped="0" failures="0">
  <properties>
    <property name="java.specification.version" value="13"/>
    <property name="sun.jnu.encoding" value="UTF-8"/>
    <property name="java.class.path" value="/Volumes/Data/momo/Desktop/Travelocity_WebAutomation/target/test-classes:/Volumes/Data/momo/Desktop/Travelocity_WebAutomation/target/classes:/Volumes/Data/momo/.m2/repository/org/apache/maven/plugins/maven-compiler-plugin/3.8.1/maven-compiler-plugin-3.8.1.jar:/Volumes/Data/momo/.m2/repository/org/apache/maven/maven-plugin-api/3.0/maven-plugin-api-3.0.jar:/Volumes/Data/momo/.m2/repository/org/apache/maven/maven-model/3.0/maven-model-3.0.jar:/Volumes/Data/momo/.m2/repository/org/sonatype/sisu/sisu-inject-plexus/1.4.2/sisu-inject-plexus-1.4.2.jar:/Volumes/Data/momo/.m2/repository/org/sonatype/sisu/sisu-inject-bean/1.4.2/sisu-inject-bean-1.4.2.jar:/Volumes/Data/momo/.m2/repository/org/sonatype/sisu/sisu-guice/2.1.7/sisu-guice-2.1.7-noaop.jar:/Volumes/Data/momo/.m2/repository/org/apache/maven/maven-artifact/3.0/maven-artifact-3.0.jar:/Volumes/Data/momo/.m2/repository/org/codehaus/plexus/plexus-utils/2.0.4/plexus-utils-2.0.4.jar:/Volumes/Data/momo/.m2/repository/org/apache/maven/maven-core/3.0/maven-core-3.0.jar:/Volumes/Data/momo/.m2/repository/org/apache/maven/maven-settings/3.0/maven-settings-3.0.jar:/Volumes/Data/momo/.m2/repository/org/apache/maven/maven-settings-builder/3.0/maven-settings-builder-3.0.jar:/Volumes/Data/momo/.m2/repository/org/apache/maven/maven-repository-metadata/3.0/maven-repository-metadata-3.0.jar:/Volumes/Data/momo/.m2/repository/org/apache/maven/maven-model-builder/3.0/maven-model-builder-3.0.jar:/Volumes/Data/momo/.m2/repository/org/apache/maven/maven-aether-provider/3.0/maven-aether-provider-3.0.jar:/Volumes/Data/momo/.m2/repository/org/sonatype/aether/aether-impl/1.7/aether-impl-1.7.jar:/Volumes/Data/momo/.m2/repository/org/sonatype/aether/aether-spi/1.7/aether-spi-1.7.jar:/Volumes/Data/momo/.m2/repository/org/sonatype/aether/aether-api/1.7/aether-api-1.7.jar:/Volumes/Data/momo/.m2/repository/org/sonatype/aether/aether-util/1.7/aether-util-1.7.jar:/Volumes/Data/momo/.m2/repository/org/codehaus/plexus/plexus-interpolation/1.14/plexus-interpolation-1.14.jar:/Volumes/Data/momo/.m2/repository/org/codehaus/plexus/plexus-classworlds/2.2.3/plexus-classworlds-2.2.3.jar:/Volumes/Data/momo/.m2/repository/org/codehaus/plexus/plexus-component-annotations/1.5.5/plexus-component-annotations-1.5.5.jar:/Volumes/Data/momo/.m2/repository/org/sonatype/plexus/plexus-sec-dispatcher/1.3/plexus-sec-dispatcher-1.3.jar:/Volumes/Data/momo/.m2/repository/org/sonatype/plexus/plexus-cipher/1.4/plexus-cipher-1.4.jar:/Volumes/Data/momo/.m2/repository/org/apache/maven/shared/maven-shared-utils/3.2.1/maven-shared-utils-3.2.1.jar:/Volumes/Data/momo/.m2/repository/org/apache/maven/shared/maven-shared-incremental/1.1/maven-shared-incremental-1.1.jar:/Volumes/Data/momo/.m2/repository/org/codehaus/plexus/plexus-java/0.9.10/plexus-java-0.9.10.jar:/Volumes/Data/momo/.m2/repository/org/ow2/asm/asm/6.2/asm-6.2.jar:/Volumes/Data/momo/.m2/repository/com/thoughtworks/qdox/qdox/2.0-M8/qdox-2.0-M8.jar:/Volumes/Data/momo/.m2/repository/org/codehaus/plexus/plexus-compiler-api/2.8.4/plexus-compiler-api-2.8.4.jar:/Volumes/Data/momo/.m2/repository/org/codehaus/plexus/plexus-compiler-manager/2.8.4/plexus-compiler-manager-2.8.4.jar:/Volumes/Data/momo/.m2/repository/org/codehaus/plexus/plexus-compiler-javac/2.8.4/plexus-compiler-javac-2.8.4.jar:/Volumes/Data/momo/.m2/repository/org/testng/testng/7.3.0/testng-7.3.0.jar:/Volumes/Data/momo/.m2/repository/com/beust/jcommander/1.78/jcommander-1.78.jar:/Volumes/Data/momo/.m2/repository/org/apache/ant/ant/1.10.3/ant-1.10.3.jar:/Volumes/Data/momo/.m2/repository/org/apache/ant/ant-launcher/1.10.3/ant-launcher-1.10.3.jar:/Volumes/Data/momo/.m2/repository/junit/junit/4.12/junit-4.12.jar:/Volumes/Data/momo/.m2/repository/org/hamcrest/hamcrest-core/1.3/hamcrest-core-1.3.jar:/Volumes/Data/momo/.m2/repository/com/google/inject/guice/4.2.2/guice-4.2.2-no_aop.jar:/Volumes/Data/momo/.m2/repository/javax/inject/javax.inject/1/javax.inject-1.jar:/Volumes/Data/momo/.m2/repository/aopalliance/aopalliance/1.0/aopalliance-1.0.jar:/Volumes/Data/momo/.m2/repository/org/yaml/snakeyaml/1.21/snakeyaml-1.21.jar:/Volumes/Data/momo/.m2/repository/org/seleniumhq/selenium/selenium-java/3.141.59/selenium-java-3.141.59.jar:/Volumes/Data/momo/.m2/repository/org/seleniumhq/selenium/selenium-api/3.141.59/selenium-api-3.141.59.jar:/Volumes/Data/momo/.m2/repository/org/seleniumhq/selenium/selenium-chrome-driver/3.141.59/selenium-chrome-driver-3.141.59.jar:/Volumes/Data/momo/.m2/repository/org/seleniumhq/selenium/selenium-edge-driver/3.141.59/selenium-edge-driver-3.141.59.jar:/Volumes/Data/momo/.m2/repository/org/seleniumhq/selenium/selenium-firefox-driver/3.141.59/selenium-firefox-driver-3.141.59.jar:/Volumes/Data/momo/.m2/repository/org/seleniumhq/selenium/selenium-ie-driver/3.141.59/selenium-ie-driver-3.141.59.jar:/Volumes/Data/momo/.m2/repository/org/seleniumhq/selenium/selenium-opera-driver/3.141.59/selenium-opera-driver-3.141.59.jar:/Volumes/Data/momo/.m2/repository/org/seleniumhq/selenium/selenium-remote-driver/3.141.59/selenium-remote-driver-3.141.59.jar:/Volumes/Data/momo/.m2/repository/org/seleniumhq/selenium/selenium-safari-driver/3.141.59/selenium-safari-driver-3.141.59.jar:/Volumes/Data/momo/.m2/repository/org/seleniumhq/selenium/selenium-support/3.141.59/selenium-support-3.141.59.jar:/Volumes/Data/momo/.m2/repository/net/bytebuddy/byte-buddy/1.8.15/byte-buddy-1.8.15.jar:/Volumes/Data/momo/.m2/repository/org/apache/commons/commons-exec/1.3/commons-exec-1.3.jar:/Volumes/Data/momo/.m2/repository/com/google/guava/guava/25.0-jre/guava-25.0-jre.jar:/Volumes/Data/momo/.m2/repository/com/google/code/findbugs/jsr305/1.3.9/jsr305-1.3.9.jar:/Volumes/Data/momo/.m2/repository/org/checkerframework/checker-compat-qual/2.0.0/checker-compat-qual-2.0.0.jar:/Volumes/Data/momo/.m2/repository/com/google/errorprone/error_prone_annotations/2.1.3/error_prone_annotations-2.1.3.jar:/Volumes/Data/momo/.m2/repository/com/google/j2objc/j2objc-annotations/1.1/j2objc-annotations-1.1.jar:/Volumes/Data/momo/.m2/repository/org/codehaus/mojo/animal-sniffer-annotations/1.14/animal-sniffer-annotations-1.14.jar:/Volumes/Data/momo/.m2/repository/com/squareup/okhttp3/okhttp/3.11.0/okhttp-3.11.0.jar:/Volumes/Data/momo/.m2/repository/com/squareup/okio/okio/1.14.0/okio-1.14.0.jar:/Volumes/Data/momo/.m2/repository/io/github/bonigarcia/webdrivermanager/4.2.2/webdrivermanager-4.2.2.jar:/Volumes/Data/momo/.m2/repository/org/slf4j/slf4j-api/1.7.30/slf4j-api-1.7.30.jar:/Volumes/Data/momo/.m2/repository/commons-io/commons-io/2.8.0/commons-io-2.8.0.jar:/Volumes/Data/momo/.m2/repository/com/google/code/gson/gson/2.8.6/gson-2.8.6.jar:/Volumes/Data/momo/.m2/repository/org/apache/commons/commons-lang3/3.11/commons-lang3-3.11.jar:/Volumes/Data/momo/.m2/repository/org/apache/httpcomponents/client5/httpclient5/5.0.1/httpclient5-5.0.1.jar:/Volumes/Data/momo/.m2/repository/org/apache/httpcomponents/core5/httpcore5/5.0.1/httpcore5-5.0.1.jar:/Volumes/Data/momo/.m2/repository/org/apache/httpcomponents/core5/httpcore5-h2/5.0.1/httpcore5-h2-5.0.1.jar:/Volumes/Data/momo/.m2/repository/commons-codec/commons-codec/1.13/commons-codec-1.13.jar:/Volumes/Data/momo/.m2/repository/org/rauschig/jarchivelib/1.1.0/jarchivelib-1.1.0.jar:/Volumes/Data/momo/.m2/repository/org/apache/commons/commons-compress/1.20/commons-compress-1.20.jar:/Volumes/Data/momo/.m2/repository/org/jsoup/jsoup/1.13.1/jsoup-1.13.1.jar:/Volumes/Data/momo/.m2/repository/com/github/javafaker/javafaker/1.0.2/javafaker-1.0.2.jar:/Volumes/Data/momo/.m2/repository/org/yaml/snakeyaml/1.23/snakeyaml-1.23-android.jar:/Volumes/Data/momo/.m2/repository/com/github/mifmif/generex/1.0.2/generex-1.0.2.jar:/Volumes/Data/momo/.m2/repository/dk/brics/automaton/automaton/1.11-8/automaton-1.11-8.jar:"/>
    <property name="java.vm.vendor" value="Oracle Corporation"/>
    <property name="sun.arch.data.model" value="64"/>
    <property name="java.vendor.url" value="https://openjdk.java.net/"/>
    <property name="os.name" value="Mac OS X"/>
    <property name="java.vm.specification.version" value="13"/>
    <property name="sun.java.launcher" value="SUN_STANDARD"/>
    <property name="user.country" value="CO"/>
    <property name="sun.boot.library.path" value="/usr/local/Cellar/openjdk/13.0.2+8_2/libexec/openjdk.jdk/Contents/Home/lib"/>
    <property name="sun.java.command" value="/Volumes/Data/momo/Desktop/Travelocity_WebAutomation/target/surefire/surefirebooter8977972446285782727.jar /Volumes/Data/momo/Desktop/Travelocity_WebAutomation/target/surefire 2021-05-09T19-37-19_300-jvmRun1 surefire12742155751887624590tmp surefire_015748697365834352175tmp"/>
    <property name="http.nonProxyHosts" value="local|*.local|169.254/16|*.169.254/16"/>
    <property name="jdk.debug" value="release"/>
    <property name="surefire.test.class.path" value="/Volumes/Data/momo/Desktop/Travelocity_WebAutomation/target/test-classes:/Volumes/Data/momo/Desktop/Travelocity_WebAutomation/target/classes:/Volumes/Data/momo/.m2/repository/org/apache/maven/plugins/maven-compiler-plugin/3.8.1/maven-compiler-plugin-3.8.1.jar:/Volumes/Data/momo/.m2/repository/org/apache/maven/maven-plugin-api/3.0/maven-plugin-api-3.0.jar:/Volumes/Data/momo/.m2/repository/org/apache/maven/maven-model/3.0/maven-model-3.0.jar:/Volumes/Data/momo/.m2/repository/org/sonatype/sisu/sisu-inject-plexus/1.4.2/sisu-inject-plexus-1.4.2.jar:/Volumes/Data/momo/.m2/repository/org/sonatype/sisu/sisu-inject-bean/1.4.2/sisu-inject-bean-1.4.2.jar:/Volumes/Data/momo/.m2/repository/org/sonatype/sisu/sisu-guice/2.1.7/sisu-guice-2.1.7-noaop.jar:/Volumes/Data/momo/.m2/repository/org/apache/maven/maven-artifact/3.0/maven-artifact-3.0.jar:/Volumes/Data/momo/.m2/repository/org/codehaus/plexus/plexus-utils/2.0.4/plexus-utils-2.0.4.jar:/Volumes/Data/momo/.m2/repository/org/apache/maven/maven-core/3.0/maven-core-3.0.jar:/Volumes/Data/momo/.m2/repository/org/apache/maven/maven-settings/3.0/maven-settings-3.0.jar:/Volumes/Data/momo/.m2/repository/org/apache/maven/maven-settings-builder/3.0/maven-settings-builder-3.0.jar:/Volumes/Data/momo/.m2/repository/org/apache/maven/maven-repository-metadata/3.0/maven-repository-metadata-3.0.jar:/Volumes/Data/momo/.m2/repository/org/apache/maven/maven-model-builder/3.0/maven-model-builder-3.0.jar:/Volumes/Data/momo/.m2/repository/org/apache/maven/maven-aether-provider/3.0/maven-aether-provider-3.0.jar:/Volumes/Data/momo/.m2/repository/org/sonatype/aether/aether-impl/1.7/aether-impl-1.7.jar:/Volumes/Data/momo/.m2/repository/org/sonatype/aether/aether-spi/1.7/aether-spi-1.7.jar:/Volumes/Data/momo/.m2/repository/org/sonatype/aether/aether-api/1.7/aether-api-1.7.jar:/Volumes/Data/momo/.m2/repository/org/sonatype/aether/aether-util/1.7/aether-util-1.7.jar:/Volumes/Data/momo/.m2/repository/org/codehaus/plexus/plexus-interpolation/1.14/plexus-interpolation-1.14.jar:/Volumes/Data/momo/.m2/repository/org/codehaus/plexus/plexus-classworlds/2.2.3/plexus-classworlds-2.2.3.jar:/Volumes/Data/momo/.m2/repository/org/codehaus/plexus/plexus-component-annotations/1.5.5/plexus-component-annotations-1.5.5.jar:/Volumes/Data/momo/.m2/repository/org/sonatype/plexus/plexus-sec-dispatcher/1.3/plexus-sec-dispatcher-1.3.jar:/Volumes/Data/momo/.m2/repository/org/sonatype/plexus/plexus-cipher/1.4/plexus-cipher-1.4.jar:/Volumes/Data/momo/.m2/repository/org/apache/maven/shared/maven-shared-utils/3.2.1/maven-shared-utils-3.2.1.jar:/Volumes/Data/momo/.m2/repository/org/apache/maven/shared/maven-shared-incremental/1.1/maven-shared-incremental-1.1.jar:/Volumes/Data/momo/.m2/repository/org/codehaus/plexus/plexus-java/0.9.10/plexus-java-0.9.10.jar:/Volumes/Data/momo/.m2/repository/org/ow2/asm/asm/6.2/asm-6.2.jar:/Volumes/Data/momo/.m2/repository/com/thoughtworks/qdox/qdox/2.0-M8/qdox-2.0-M8.jar:/Volumes/Data/momo/.m2/repository/org/codehaus/plexus/plexus-compiler-api/2.8.4/plexus-compiler-api-2.8.4.jar:/Volumes/Data/momo/.m2/repository/org/codehaus/plexus/plexus-compiler-manager/2.8.4/plexus-compiler-manager-2.8.4.jar:/Volumes/Data/momo/.m2/repository/org/codehaus/plexus/plexus-compiler-javac/2.8.4/plexus-compiler-javac-2.8.4.jar:/Volumes/Data/momo/.m2/repository/org/testng/testng/7.3.0/testng-7.3.0.jar:/Volumes/Data/momo/.m2/repository/com/beust/jcommander/1.78/jcommander-1.78.jar:/Volumes/Data/momo/.m2/repository/org/apache/ant/ant/1.10.3/ant-1.10.3.jar:/Volumes/Data/momo/.m2/repository/org/apache/ant/ant-launcher/1.10.3/ant-launcher-1.10.3.jar:/Volumes/Data/momo/.m2/repository/junit/junit/4.12/junit-4.12.jar:/Volumes/Data/momo/.m2/repository/org/hamcrest/hamcrest-core/1.3/hamcrest-core-1.3.jar:/Volumes/Data/momo/.m2/repository/com/google/inject/guice/4.2.2/guice-4.2.2-no_aop.jar:/Volumes/Data/momo/.m2/repository/javax/inject/javax.inject/1/javax.inject-1.jar:/Volumes/Data/momo/.m2/repository/aopalliance/aopalliance/1.0/aopalliance-1.0.jar:/Volumes/Data/momo/.m2/repository/org/yaml/snakeyaml/1.21/snakeyaml-1.21.jar:/Volumes/Data/momo/.m2/repository/org/seleniumhq/selenium/selenium-java/3.141.59/selenium-java-3.141.59.jar:/Volumes/Data/momo/.m2/repository/org/seleniumhq/selenium/selenium-api/3.141.59/selenium-api-3.141.59.jar:/Volumes/Data/momo/.m2/repository/org/seleniumhq/selenium/selenium-chrome-driver/3.141.59/selenium-chrome-driver-3.141.59.jar:/Volumes/Data/momo/.m2/repository/org/seleniumhq/selenium/selenium-edge-driver/3.141.59/selenium-edge-driver-3.141.59.jar:/Volumes/Data/momo/.m2/repository/org/seleniumhq/selenium/selenium-firefox-driver/3.141.59/selenium-firefox-driver-3.141.59.jar:/Volumes/Data/momo/.m2/repository/org/seleniumhq/selenium/selenium-ie-driver/3.141.59/selenium-ie-driver-3.141.59.jar:/Volumes/Data/momo/.m2/repository/org/seleniumhq/selenium/selenium-opera-driver/3.141.59/selenium-opera-driver-3.141.59.jar:/Volumes/Data/momo/.m2/repository/org/seleniumhq/selenium/selenium-remote-driver/3.141.59/selenium-remote-driver-3.141.59.jar:/Volumes/Data/momo/.m2/repository/org/seleniumhq/selenium/selenium-safari-driver/3.141.59/selenium-safari-driver-3.141.59.jar:/Volumes/Data/momo/.m2/repository/org/seleniumhq/selenium/selenium-support/3.141.59/selenium-support-3.141.59.jar:/Volumes/Data/momo/.m2/repository/net/bytebuddy/byte-buddy/1.8.15/byte-buddy-1.8.15.jar:/Volumes/Data/momo/.m2/repository/org/apache/commons/commons-exec/1.3/commons-exec-1.3.jar:/Volumes/Data/momo/.m2/repository/com/google/guava/guava/25.0-jre/guava-25.0-jre.jar:/Volumes/Data/momo/.m2/repository/com/google/code/findbugs/jsr305/1.3.9/jsr305-1.3.9.jar:/Volumes/Data/momo/.m2/repository/org/checkerframework/checker-compat-qual/2.0.0/checker-compat-qual-2.0.0.jar:/Volumes/Data/momo/.m2/repository/com/google/errorprone/error_prone_annotations/2.1.3/error_prone_annotations-2.1.3.jar:/Volumes/Data/momo/.m2/repository/com/google/j2objc/j2objc-annotations/1.1/j2objc-annotations-1.1.jar:/Volumes/Data/momo/.m2/repository/org/codehaus/mojo/animal-sniffer-annotations/1.14/animal-sniffer-annotations-1.14.jar:/Volumes/Data/momo/.m2/repository/com/squareup/okhttp3/okhttp/3.11.0/okhttp-3.11.0.jar:/Volumes/Data/momo/.m2/repository/com/squareup/okio/okio/1.14.0/okio-1.14.0.jar:/Volumes/Data/momo/.m2/repository/io/github/bonigarcia/webdrivermanager/4.2.2/webdrivermanager-4.2.2.jar:/Volumes/Data/momo/.m2/repository/org/slf4j/slf4j-api/1.7.30/slf4j-api-1.7.30.jar:/Volumes/Data/momo/.m2/repository/commons-io/commons-io/2.8.0/commons-io-2.8.0.jar:/Volumes/Data/momo/.m2/repository/com/google/code/gson/gson/2.8.6/gson-2.8.6.jar:/Volumes/Data/momo/.m2/repository/org/apache/commons/commons-lang3/3.11/commons-lang3-3.11.jar:/Volumes/Data/momo/.m2/repository/org/apache/httpcomponents/client5/httpclient5/5.0.1/httpclient5-5.0.1.jar:/Volumes/Data/momo/.m2/repository/org/apache/httpcomponents/core5/httpcore5/5.0.1/httpcore5-5.0.1.jar:/Volumes/Data/momo/.m2/repository/org/apache/httpcomponents/core5/httpcore5-h2/5.0.1/httpcore5-h2-5.0.1.jar:/Volumes/Data/momo/.m2/repository/commons-codec/commons-codec/1.13/commons-codec-1.13.jar:/Volumes/Data/momo/.m2/repository/org/rauschig/jarchivelib/1.1.0/jarchivelib-1.1.0.jar:/Volumes/Data/momo/.m2/repository/org/apache/commons/commons-compress/1.20/commons-compress-1.20.jar:/Volumes/Data/momo/.m2/repository/org/jsoup/jsoup/1.13.1/jsoup-1.13.1.jar:/Volumes/Data/momo/.m2/repository/com/github/javafaker/javafaker/1.0.2/javafaker-1.0.2.jar:/Volumes/Data/momo/.m2/repository/org/yaml/snakeyaml/1.23/snakeyaml-1.23-android.jar:/Volumes/Data/momo/.m2/repository/com/github/mifmif/generex/1.0.2/generex-1.0.2.jar:/Volumes/Data/momo/.m2/repository/dk/brics/automaton/automaton/1.11-8/automaton-1.11-8.jar:"/>
    <property name="sun.cpu.endian" value="little"/>
    <property name="user.home" value="/Volumes/Data/momo"/>
    <property name="user.language" value="en"/>
    <property name="java.specification.vendor" value="Oracle Corporation"/>
    <property name="java.version.date" value="2020-01-14"/>
    <property name="java.home" value="/usr/local/Cellar/openjdk/13.0.2+8_2/libexec/openjdk.jdk/Contents/Home"/>
    <property name="file.separator" value="/"/>
    <property name="basedir" value="/Volumes/Data/momo/Desktop/Travelocity_WebAutomation"/>
    <property name="java.vm.compressedOopsMode" value="Zero based"/>
    <property name="line.separator" value="&#10;"/>
    <property name="java.specification.name" value="Java Platform API Specification"/>
    <property name="java.vm.specification.vendor" value="Oracle Corporation"/>
    <property name="surefire.real.class.path" value="/Volumes/Data/momo/Desktop/Travelocity_WebAutomation/target/surefire/surefirebooter8977972446285782727.jar"/>
    <property name="sun.management.compiler" value="HotSpot 64-Bit Tiered Compilers"/>
    <property name="ftp.nonProxyHosts" value="local|*.local|169.254/16|*.169.254/16"/>
    <property name="java.runtime.version" value="13.0.2+8"/>
    <property name="user.name" value="momo"/>
    <property name="path.separator" value=":"/>
    <property name="os.version" value="10.15.7"/>
    <property name="java.runtime.name" value="OpenJDK Runtime Environment"/>
    <property name="file.encoding" value="UTF-8"/>
    <property name="java.vm.name" value="OpenJDK 64-Bit Server VM"/>
    <property name="localRepository" value="/Volumes/Data/momo/.m2/repository"/>
    <property name="java.vendor.url.bug" value="https://bugreport.java.com/bugreport/"/>
    <property name="java.io.tmpdir" value="/var/folders/y4/rptbwp993vx31tlqjd4xc4nc0000gn/T/"/>
    <property name="java.version" value="13.0.2"/>
    <property name="user.dir" value="/Volumes/Data/momo/Desktop/Travelocity_WebAutomation"/>
    <property name="os.arch" value="x86_64"/>
    <property name="java.vm.specification.name" value="Java Virtual Machine Specification"/>
    <property name="java.library.path" value="/Volumes/Data/momo/Library/Java/Extensions:/Library/Java/Extensions:/Network/Library/Java/Extensions:/System/Library/Java/Extensions:/usr/lib/java:."/>
    <property name="java.vm.info" value="mixed mode, sharing"/>
    <property name="java.vendor" value="N/A"/>
    <property name="java.vm.version" value="13.0.2+8"/>
    <property name="sun.io.unicode.encoding" value="UnicodeBig"/>
    <property name="socksNonProxyHosts" value="local|*.local|169.254/16|*.169.254/16"/>
    <property name="java.class.version" value="57.0"/>
  </properties>
  <testcase name="bookingRoundTripFlightTest" classname="tests.TravelocityTests" time="78.145"/>
</testsuite>