<?xml version="1.0" encoding="UTF-8"?>
<!-- Generated by org.testng.reporters.JUnitReportReporter -->
<testsuite hostname="Momos-MacBook-Pro.local" failures="0" tests="1" name="tests.TravelocityTests" time="91.621" errors="0" timestamp="2021-05-09T19:38:52 COT" skipped="0">
  <testcase classname="tests.TravelocityTests" name="bookingRoundTripFlightTest" time="91.621"/>
  <system-out/>
</testsuite> <!-- tests.TravelocityTests -->
